epoch,loss,val_loss
0,0.024494383367709816,0.026125636184588075
1,0.013762440871419934,0.028594244737178087
2,0.010800542479937933,0.026934816385619342
3,0.00827385630349026,0.03023726000295331
4,0.008302677861031364,0.02759306780838718
5,0.007770984301482802,0.025729577134673793
6,0.007026923452298541,0.026969739779209096
7,0.006542248700462354,0.026495474157854915
0,0.21001838235294118,0.021322137183126283,0.16666666666666666,0.03253893864651521
1,0.4924938725490196,0.01389118971179842,0.16666666666666666,0.031065804573396843
2,0.4378063725490196,0.008836950399164184,0.16666666666666666,0.03185011421252663
3,0.4039522058823529,0.007727729497870028,0.16666666666666666,0.029247345868498087
4,0.3483455882352941,0.00818012679776396,0.15104166666666666,0.026893157376131665
5,0.46109068627450983,0.0064185703516819095,0.16666666666666666,0.02204855434441318
6,0.4528186274509804,0.005534911676602182,0.4088541666666667,0.020581783901434392
7,0.42110906862745096,0.004915885703167969,0.4075520833333333,0.02067322695317368
0,0.095703125,0.08305786218908098,0.068359375,0.024948634207248688
1,0.2126736111111111,0.06970916481481658,0.771484375,0.04793073609471321
2,0.2873263888888889,0.09251418224691103,0.771484375,0.03194383531808853
3,0.10828993055555555,0.13164322161012226,0.013671875,0.0454770065844059
4,0.3498263888888889,0.09307456094150741,0.771484375,0.04173588380217552
5,0.1351996527777778,0.22705397340986463,0.013671875,0.18778392672538757
6,0.14388020833333334,0.14242922017971674,0.068359375,0.0395265594124794
7,0.1015625,0.11967168412067825,0.771484375,0.04517843946814537
0,0.22591145833333334,0.25386035442352295,0.771484375,0.21891209483146667
1,0.3606770833333333,0.08575174243499835,0.068359375,0.07551833987236023
2,0.2443576388888889,0.15734665282070637,0.771484375,0.07881427556276321
3,0.6417100694444444,0.15903854007936186,0.771484375,0.07829907536506653
4,0.6417100694444444,0.1951455372489161,0.771484375,0.0766918808221817
5,0.6417100694444444,0.13538042373127407,0.1328125,0.07403247803449631
6,0.1664496527777778,0.15959322224888536,0.068359375,0.06084638833999634
7,0.11957465277777778,0.2080338481399748,0.068359375,0.15794509649276733
0,0.12000868055555555,0.07236210339599186,0.068359375,0.01709708385169506
1,0.3192274305555556,0.06236037011775705,0.068359375,0.010558675974607468
2,0.20377604166666666,0.05303224010599984,0.068359375,0.00903042871505022
3,0.2901475694444444,0.049016621688173875,0.068359375,0.007986615411937237
4,0.21484375,0.04290265931437413,0.068359375,0.007694303058087826
5,0.1484375,0.037498630893727146,0.068359375,0.007660495117306709
6,0.13802083333333334,0.028592476207349036,0.068359375,0.010022294707596302
7,0.1365017361111111,0.025171364554100566,0.068359375,0.010562550276517868
0,0.12109375,0.056996127797497645,0.013671875,0.026887841522693634
1,0.078125,0.07240846277111107,0.013671875,0.006129587069153786
2,0.22916666666666666,0.055250873789191246,0.76953125,0.0057814219035208225
3,0.3962673611111111,0.05221377954714828,0.767578125,0.006069098133593798
4,0.4279513888888889,0.05154209677129984,0.771484375,0.006013831123709679
5,0.4737413194444444,0.04812348313215706,0.771484375,0.0059605548158288
6,0.37890625,0.042434053029865026,0.013671875,0.01336370874196291
7,0.1820746527777778,0.03826148388907313,0.013671875,0.012371521443128586
8,0.1362847222222222,0.028338891428170934,0.013671875,0.012317937798798084
9,0.19401041666666666,0.020829241981522903,0.013671875,0.01184203289449215
10,0.2300347222222222,0.01619203365407884,0.021484375,0.010232875123620033
11,0.40625,0.012661105241729982,0.28125,0.00934675894677639
12,0.3754340277777778,0.010318454613702165,0.28515625,0.008404928259551525
13,0.392578125,0.009106521041960351,0.240234375,0.0077034058049321175
14,0.3684895833333333,0.007802971457648609,0.146484375,0.010529761202633381
15,0.4494357638888889,0.008397457629649175,0.365234375,0.010073119774460793
16,0.3825954861111111,0.00837714698476096,0.40234375,0.008972812443971634
17,0.3832465277777778,0.0069354382899796795,0.24609375,0.006929367780685425
18,0.2287326388888889,0.005963549509437548,0.158203125,0.00767523655667901
19,0.4060329861111111,0.0059525385020404225,0.421875,0.006322931498289108
0,0.146484375,0.10463836292425792,0.1328125,0.037526585161685944
1,0.1996527777777778,0.0784361565278636,0.1328125,0.019257189705967903
2,0.1996527777777778,0.06493760666085614,0.1328125,0.012060253880918026
3,0.1996527777777778,0.05651009476019277,0.1328125,0.010147390887141228
4,0.1996527777777778,0.0500350548989243,0.0390625,0.009562182240188122
5,0.15125868055555555,0.04442378526760472,0.033203125,0.009312770329415798
6,0.16124131944444445,0.037363388006471925,0.06640625,0.010293422266840935
7,0.2964409722222222,0.02818606100562546,0.099609375,0.012522581964731216
8,0.142578125,0.022690766309905384,0.1328125,0.01465529203414917
9,0.3103298611111111,0.024117357459747128,0.12109375,0.010336984880268574
10,0.17513020833333334,0.01212298445817497,0.1328125,0.015083164907991886
11,0.2528211805555556,0.017549216281622648,0.1484375,0.011201029643416405
12,0.22547743055555555,0.0116307334198306,0.3984375,0.008065970614552498
13,0.19270833333333334,0.008761345667557584,0.396484375,0.0051259249448776245
14,0.1851128472222222,0.008191603675691618,0.373046875,0.0045847403816878796
15,0.21484375,0.007835343764680956,0.015625,0.018751194700598717
16,0.22569444444444445,0.00862279009177453,0.271484375,0.009380452334880829
17,0.185546875,0.0071983721960956855,0.28125,0.004528009332716465
18,0.2348090277777778,0.005534440447162423,0.03515625,0.01031962875276804
19,0.16341145833333334,0.006776745599280629,0.171875,0.006972914561629295
0,0.15147569444444445,0.09370042921768294,0.10026041666666667,0.048379396398862205
1,0.255859375,0.05984338393641843,0.10026041666666667,0.022407058936854202
2,0.2916666666666667,0.05414077970716688,0.10026041666666667,0.014823575504124165
3,0.2947048611111111,0.05319400048918194,0.10026041666666667,0.012120424769818783
4,0.2072482638888889,0.05435172033806642,0.10026041666666667,0.010987894299129644
5,0.3127170138888889,0.052665369792117014,0.10026041666666667,0.01037706807255745
6,0.2960069444444444,0.05346181678275267,0.10026041666666667,0.009863515539715687
7,0.3120659722222222,0.05195219897561603,0.10026041666666667,0.009289614390581846
8,0.3114149305555556,0.051944018031160034,0.10026041666666667,0.008754166619231304
9,0.236328125,0.04941618639147944,0.10026041666666667,0.00795611614982287
10,0.17881944444444445,0.045274838598238096,0.10026041666666667,0.006634873415653904
11,0.11176215277777778,0.03987341746687889,0.10026041666666667,0.005577363772317767
12,0.07313368055555555,0.0353096942934725,0.09765625,0.004674921665961544
13,0.12000868055555555,0.02974639455270436,0.11067708333333333,0.004528393619693816
14,0.1605902777777778,0.02472645419442819,0.19205729166666666,0.004293816125330825
15,0.13997395833333334,0.019540392793715,0.208984375,0.005592709329600136
16,0.23893229166666666,0.026104038684732385,0.1484375,0.004212983922722439
17,0.23133680555555555,0.016788457707864128,0.544921875,0.004214999498799443
18,0.2230902777777778,0.012679866081776304,0.4759114583333333,0.005300848395563662
19,0.2482638888888889,0.009791088018876811,0.3626302083333333,0.005759559610548119
0,0.224609375,0.10422353446483612,0.10026041666666667,0.08337520311276118
1,0.17447916666666666,0.07637554386423694,0.10026041666666667,0.05379477019111315
2,0.322265625,0.06586678429610199,0.09505208333333333,0.04372804301480452
3,0.2829861111111111,0.06099273026403454,0.010416666666666666,0.03689602886637052
4,0.3322482638888889,0.0567425847467449,0.013020833333333334,0.03046857751905918
5,0.3606770833333333,0.053689080393976636,0.10677083333333333,0.02535582861552636
6,0.3817274305555556,0.05006204255753093,0.10026041666666667,0.016152237231532734
7,0.3311631944444444,0.045384244372447334,0.10026041666666667,0.010788086180885633
8,0.2834201388888889,0.03917663720332914,0.10026041666666667,0.007925356117387613
9,0.1577690972222222,0.03480595484789875,0.10026041666666667,0.006147473584860563
10,0.1879340277777778,0.025938481765074864,0.10026041666666667,0.0049216436843077345
11,0.1879340277777778,0.019119176547974348,0.10026041666666667,0.005916371320684751
12,0.15711805555555555,0.027690323069691658,0.1171875,0.0035331660571197667
13,0.14539930555555555,0.012503613019362092,0.1015625,0.00566995896709462
14,0.15516493055555555,0.015514017412594209,0.263671875,0.0029448739563425383
15,0.24088541666666666,0.011397237469080009,0.333984375,0.0032316255383193493
16,0.1877170138888889,0.013301343495388411,0.15299479166666666,0.004422267433255911
17,0.18294270833333334,0.008129568615307411,0.232421875,0.006617237386914591
18,0.2026909722222222,0.006481925051452385,0.22135416666666666,0.009452057226250568
19,0.2046440972222222,0.01876536892571797,0.20247395833333334,0.008099782552259663
0,0.12065972222222222,0.10479612193173832,0.10026041666666667,0.0738079051176707
1,0.0759548611111111,0.05583132803440094,0.013671875,0.010016398193935553
2,0.1440972222222222,0.06333994254883793,0.10026041666666667,0.009332295507192612
3,0.1948784722222222,0.05548061802983284,0.10026041666666667,0.00790650382017096
4,0.2243923611111111,0.05101083736452791,0.099609375,0.006481999686608712
5,0.21180555555555555,0.04388205769161383,0.099609375,0.005285907691965501
6,0.2836371527777778,0.04141689009136624,0.08919270833333333,0.004977867783357699
7,0.22938368055555555,0.0352289414861136,0.10026041666666667,0.005334255130340655
8,0.1753472222222222,0.025771901244297624,0.10026041666666667,0.005599941321027775
9,0.09722222222222222,0.017923800080704193,0.10091145833333333,0.005925669373633961
10,0.119140625,0.01540162327647623,0.119140625,0.006055847896883885
11,0.12456597222222222,0.012499756192685,0.10026041666666667,0.004871596543428798
12,0.1584201388888889,0.009016508637513552,0.107421875,0.004343299777247012
13,0.24479166666666666,0.006493345407458643,0.3092447916666667,0.00418531281563143
14,0.3114149305555556,0.006590006420285338,0.3997395833333333,0.00473173016992708
15,0.3441840277777778,0.00668001714317749,0.4674479166666667,0.004933098951975505
16,0.3478732638888889,0.006227922069633173,0.15690104166666666,0.004863453408082326
17,0.3830295138888889,0.006394016246000926,0.19270833333333334,0.005236706230789423
18,0.3999565972222222,0.005516763078048825,0.14778645833333334,0.010891885807116827
19,0.3580729166666667,0.005828703423806776,0.15104166666666666,0.0083783861870567
0,0.4225260416666667,0.09584212178985278,0.7272135416666666,0.07595052321751912
1,0.6204427083333334,0.07602727278653118,0.7272135416666666,0.06402664755781491
2,0.5952690972222222,0.06713123102154997,0.7272135416666666,0.049528746555248894
3,0.4932725694444444,0.06044323597517279,0.6100260416666666,0.03627757976452509
4,0.3504774305555556,0.05566777475178242,0.7272135416666666,0.026384354569017887
5,0.3313802083333333,0.05326280639403396,0.15494791666666666,0.01934463654955228
6,0.3402777777777778,0.05025818861193127,0.15494791666666666,0.014461995102465153
7,0.17664930555555555,0.04834229209356838,0.15494791666666666,0.01126842899248004
8,0.1957465277777778,0.044172465387317866,0.15494791666666666,0.00881790385271112
0,0.13194444444444445,0.08426263141963217,0.7272135416666666,0.04551977291703224
1,0.6417100694444444,0.06533437594771385,0.7272135416666666,0.031200886393586796
2,0.6417100694444444,0.06010904101034006,0.7272135416666666,0.024666976183652878
3,0.5904947916666666,0.0566418654181891,0.7272135416666666,0.017021665970484417
4,0.4700520833333333,0.048635483202007085,0.7272135416666666,0.011028474507232508
5,0.4359809027777778,0.04192747641354799,0.7272135416666666,0.008488398666183153
6,0.4468315972222222,0.03201277440206872,0.7272135416666666,0.0070233360553781194
7,0.4227430555555556,0.023805056905580893,0.7272135416666666,0.006216040191551049
8,0.4498697916666667,0.021587095507938,0.7272135416666666,0.0048524916637688875
9,0.4181857638888889,0.014075082131764956,0.7213541666666666,0.005637989845126867
10,0.458984375,0.009245964620883266,0.7272135416666666,0.004001737339422107
11,0.4474826388888889,0.008517056729437577,0.724609375,0.011096871768434843
12,0.4876302083333333,0.013706520781852305,0.5787760416666666,0.004230297636240721
13,0.4728732638888889,0.008297575488945262,0.6432291666666666,0.0029560949187725782
14,0.4522569444444444,0.005909540722819252,0.5494791666666666,0.0032923767187943063
15,0.4012586805555556,0.006133043246033291,0.494140625,0.00429388927295804
16,0.3960503472222222,0.006487266548598806,0.4524739583333333,0.003850875965630015
17,0.3585069444444444,0.005913030964115428,0.3776041666666667,0.0057167539683481055
18,0.3122829861111111,0.006204140055665953,0.4069010416666667,0.0038532887119799852
19,0.3661024305555556,0.005079825227666233,0.40625,0.003569110529497266
0,0.6286892361111112,0.09198384318086836,0.7272135416666666,0.06201979393760363
1,0.5071614583333334,0.0782958118038045,0.7272135416666666,0.05169161036610603
2,0.5071614583333334,0.06875740860899289,0.7272135416666666,0.04176971688866615
3,0.5071614583333334,0.06200448878937297,0.7272135416666666,0.032768516490856804
4,0.4963107638888889,0.05548746738996771,0.7272135416666666,0.02368372182051341
5,0.486328125,0.04879328256679906,0.7272135416666666,0.01683273973564307
6,0.4861111111111111,0.04283844700290097,0.7272135416666666,0.01381507640083631
7,0.4884982638888889,0.03646765504446295,0.7272135416666666,0.010090765543282032
8,0.4976128472222222,0.030200415704813268,0.7272135416666666,0.008745270781219006
9,0.4620225694444444,0.024801458335585065,0.7259114583333334,0.006888922303915024
10,0.4344618055555556,0.020196709937105577,0.7265625,0.006457427361359199
11,0.4407552083333333,0.018278955895867612,0.7076822916666666,0.006273780949413776
12,0.4197048611111111,0.01638890652813845,0.6516927083333334,0.005944658924515049
13,0.34375,0.013842232667634057,0.5872395833333334,0.00559607536221544
14,0.255859375,0.01071184802438236,0.04296875,0.006967182581623395
15,0.1957465277777778,0.007934446847583685,0.010416666666666666,0.008053119449565807
16,0.13736979166666666,0.008215875248424709,0.010416666666666666,0.006710093002766371
17,0.1638454861111111,0.0056494731042120196,0.011067708333333334,0.007246021491785844
18,0.15125868055555555,0.005332046886906028,0.41796875,0.00971780950203538
19,0.1564670138888889,0.00863501095187126,0.19270833333333334,0.00670258654281497
0,0.11197916666666667,0.07330769383245045,0.10026041666666667,0.01736808257798354
0,0.1898871527777778,0.07334174671106869,0.15494791666666666,0.04426786800225576
1,0.1996527777777778,0.06303281885468298,0.15494791666666666,0.020900037760535877
2,0.1879340277777778,0.05414443618307511,0.010416666666666666,0.014126628792534271
3,0.13802083333333334,0.052226037407914795,0.010416666666666666,0.011340891942381859
4,0.1130642361111111,0.051421784692340426,0.010416666666666666,0.009641805353264013
5,0.10611979166666667,0.050219382676813334,0.010416666666666666,0.008122262389709553
6,0.203125,0.047717266198661595,0.7272135416666666,0.006281595366696517
7,0.3938802083333333,0.043890097385479346,0.7272135416666666,0.0053144774089256925
8,0.4246961805555556,0.03754956740885973,0.7272135416666666,0.00487792103861769
9,0.4561631944444444,0.02945901986418499,0.7272135416666666,0.005158919685830672
10,0.4633246527777778,0.024277488701045513,0.7272135416666666,0.005437719092393915
11,0.4327256944444444,0.019318042788654566,0.6705729166666666,0.005519746337085962
12,0.4498697916666667,0.011959306184305914,0.6165364583333334,0.005622620655534168
13,0.2840711805555556,0.00815096877825757,0.6328125,0.006619087730844815
14,0.27734375,0.010695462089238895,0.6178385416666666,0.0066378618745754165
15,0.2734375,0.007554282705920438,0.7122395833333334,0.011385911842808127
16,0.3148871527777778,0.008788433236380419,0.4095052083333333,0.006331815151497722
17,0.3357204861111111,0.008448529315905439,0.3841145833333333,0.003552002211411794
18,0.3580729166666667,0.004646706006800135,0.4720052083333333,0.003455839197461804
19,0.35546875,0.004534112923364673,0.3541666666666667,0.004768418924262126
0,0.03689236111111111,0.07694541911284129,0.044921875,0.059765572349230446
1,0.036675347222222224,0.04332830736206637,0.09049479166666667,0.0530801589290301
2,0.015190972222222222,0.03734912319729725,0.052083333333333336,0.04972054436802864
3,0.06727430555555555,0.03344368365489774,0.20638020833333334,0.04676770170529684
4,0.044487847222222224,0.030235544881886907,0.034505208333333336,0.044403751070300736
5,0.01171875,0.026600318753884897,0.034505208333333336,0.041605121145645775
6,0.05772569444444445,0.024297010101791885,0.07747395833333333,0.038991679127017655
7,0.040364583333333336,0.021656160527426336,0.09700520833333333,0.036178093403577805
8,0.1558159722222222,0.018662693664535053,0.140625,0.03486091271042824
9,0.17686631944444445,0.01620941548349543,0.21158854166666666,0.031674458334843315
10,0.2632378472222222,0.012531484567767216,0.3098958333333333,0.033119868487119675
11,0.1990017361111111,0.01292100978187389,0.32421875,0.02932702222218116
12,0.2621527777777778,0.009456944755382009,0.33203125,0.02852860310425361
13,0.2384982638888889,0.009533403518920144,0.2962239583333333,0.03483675420284271
14,0.2651909722222222,0.011727458991420766,0.24283854166666666,0.02726171724498272
15,0.2651909722222222,0.00764054336792065,0.3372395833333333,0.02788284079482158
16,0.2638888888888889,0.0074745401377893156,0.2708333333333333,0.033345877503355346
17,0.2126736111111111,0.01023936895136204,0.267578125,0.026150534860789776
18,0.24348958333333334,0.007799535756930709,0.248046875,0.026377908264597256
19,0.2478298611111111,0.007466612073282401,0.220703125,0.02610015341391166
0,0.11827256944444445,0.05872959105504884,0.14322916666666666,0.05136101879179478
1,0.1150173611111111,0.02924535591672692,0.14583333333333334,0.046723563224077225
2,0.20008680555555555,0.027030107772184744,0.283203125,0.04553511242071787
3,0.3489583333333333,0.025801397083948057,0.3138020833333333,0.04455256462097168
4,0.3734809027777778,0.02473635987068216,0.2942708333333333,0.043538463612397514
5,0.3786892361111111,0.023290362286691863,0.2506510416666667,0.04207061603665352
6,0.4379340277777778,0.021036912124448765,0.2265625,0.03960341960191727
7,0.4407552083333333,0.017577952013299283,0.24934895833333334,0.03711647416154543
8,0.4759114583333333,0.013774763462909808,0.2864583333333333,0.03578761965036392
9,0.4989149305555556,0.01159666996035311,0.3404947916666667,0.03550202896197637
10,0.4759114583333333,0.01179544006784757,0.21223958333333334,0.03164286601046721
11,0.4520399305555556,0.008069356877563728,0.3619791666666667,0.03217695839703083
12,0.4611545138888889,0.007459021988324821,0.3470052083333333,0.02888960453371207
13,0.4264322916666667,0.005945414796264635,0.3639322916666667,0.029281053692102432
14,0.4524739583333333,0.005019728146079514,0.3671875,0.029878133287032444
15,0.4162326388888889,0.004748007256744636,0.3671875,0.029602139877776306
16,0.4288194444444444,0.005654877064646118,0.369140625,0.025740208414693672
17,0.4233940972222222,0.004868219115046991,0.34765625,0.028282830802102883
18,0.4357638888888889,0.004962488659657538,0.3697916666666667,0.024861685931682587
19,0.4040798611111111,0.004415343981236219,0.35546875,0.02594582922756672
0,0.1072048611111111,0.07569593739592367,0.07161458333333333,0.051368921995162964
1,0.17274305555555555,0.029279486948831215,0.232421875,0.04626367179056009
2,0.2016059027777778,0.02729486549894015,0.232421875,0.04559526282052199
3,0.3391927083333333,0.02621211394822846,0.24739583333333334,0.0453041618069013
4,0.4375,0.025753992687289912,0.2682291666666667,0.04499521044393381
5,0.4526909722222222,0.02538783232577973,0.2838541666666667,0.04473615065217018
6,0.4476996527777778,0.024957701266329322,0.2838541666666667,0.044375099862615265
7,0.4585503472222222,0.024310830851188965,0.17513020833333334,0.043427358071009316
8,0.4066840277777778,0.023251549806445837,0.22265625,0.04241573438048363
9,0.4409722222222222,0.02114649655090438,0.24153645833333334,0.04118668846786022
10,0.3561197916666667,0.017859447825079162,0.310546875,0.03894236062963804
11,0.2825520833333333,0.01674811966303322,0.28125,0.0375918789456288
12,0.3103298611111111,0.012931260629557073,0.3404947916666667,0.03656351069609324
13,0.3207465277777778,0.011131879175081849,0.3671875,0.03580948958794276
14,0.3218315972222222,0.010157657916554146,0.3606770833333333,0.03506932221353054
15,0.3187934027777778,0.009349522103245059,0.3587239583333333,0.03420977915326754
16,0.3111979166666667,0.008412211641876234,0.353515625,0.03334877950449785
17,0.3094618055555556,0.007414733887546592,0.3528645833333333,0.03251561646660169
18,0.3077256944444444,0.006471828880926801,0.330078125,0.031780906642476715
19,0.2855902777777778,0.005991666086225046,0.33984375,0.03260931155333916
0,0.2821180555555556,0.09961752096811931,0.3678385416666667,0.12502878407637277
1,0.6393229166666666,0.07957212006052335,0.375,0.09089256698886554
2,0.6647135416666666,0.05244048457178804,0.3697916666666667,0.0657837303976218
3,0.4635416666666667,0.03833152540028095,0.23372395833333334,0.05461272783577442
4,0.2046440972222222,0.03228316818260484,0.23046875,0.049942776560783386
5,0.2046440972222222,0.029593179209364787,0.23046875,0.04767340732117494
6,0.5091145833333334,0.02811721877919303,0.369140625,0.046485258266329765
7,0.5412326388888888,0.027216314648588497,0.3567708333333333,0.04583461582660675
8,0.4867621527777778,0.02660700345101456,0.3404947916666667,0.04546271078288555
9,0.4700520833333333,0.02618691987461514,0.3385416666666667,0.04524488498767217
10,0.490234375,0.025890372357227735,0.3463541666666667,0.045111943036317825
11,0.4913194444444444,0.025662284577265382,0.345703125,0.045015410209695496
12,0.49609375,0.025488680409681466,0.3502604166666667,0.04493468813598156
13,0.4943576388888889,0.025346084963530302,0.3424479166666667,0.044843959311644234
14,0.4782986111111111,0.025220376568742923,0.3248697916666667,0.04453241017957529
15,0.4939236111111111,0.025112715860207874,0.3209635416666667,0.04437960435946783
16,0.5002170138888888,0.024932473509882886,0.318359375,0.04414959562321504
17,0.4947916666666667,0.024733525726737246,0.3125,0.04382014460861683
18,0.4917534722222222,0.024478575447574258,0.3092447916666667,0.04333579291899999
19,0.4702690972222222,0.02411227743141353,0.302734375,0.04259537967542807
0,0.028211805555555556,0.07104765872160594,0.034505208333333336,0.06136483574906985
1,0.023220486111111112,0.03541740322382086,0.103515625,0.05155719444155693
2,0.09461805555555555,0.030948976365228493,0.17708333333333334,0.04831550270318985
3,0.2582465277777778,0.02931516653754645,0.3684895833333333,0.046530671417713165
4,0.3676215277777778,0.028347042583239574,0.35546875,0.045039016753435135
5,0.4038628472222222,0.027502077088380854,0.3600260416666667,0.043681020538012184
6,0.4095052083333333,0.02667819132976648,0.3671875,0.041986567278703056
7,0.41015625,0.026060235518444743,0.3548177083333333,0.04019313181440035
8,0.3381076388888889,0.02442752954084426,0.361328125,0.037542982026934624
9,0.4175347222222222,0.022959706515798137,0.3489583333333333,0.03343312224994103
10,0.3589409722222222,0.01980622467170987,0.3229166666666667,0.028536431180934112
11,0.2912326388888889,0.016316415476871446,0.3235677083333333,0.022234934692581493
12,0.2810329861111111,0.012494229899150215,0.3287760416666667,0.018033450469374657
13,0.2621527777777778,0.010275167662055336,0.3430989583333333,0.015737108886241913
14,0.3009982638888889,0.008860469705218242,0.3515625,0.01417224466179808
15,0.3433159722222222,0.00798236150553243,0.3561197916666667,0.01292773662135005
16,0.3255208333333333,0.007230424878394438,0.3561197916666667,0.012057984247803688
17,0.369140625,0.006653993303189054,0.3580729166666667,0.011405900353565812
18,0.318359375,0.006345621937523699,0.15885416666666666,0.01092404949789246
19,0.2901475694444444,0.005934435693133209,0.3665364583333333,0.01058849956219395
0,0.1642795138888889,0.05827885348763731,0.23046875,0.055154926454027496
1,0.3578559027777778,0.0361187352747139,0.37890625,0.051443817714850106
2,0.5288628472222222,0.033904742915183306,0.326171875,0.04882658024628957
3,0.4314236111111111,0.03143462515436113,0.3684895833333333,0.04643163581689199
4,0.5013020833333334,0.029792924877256155,0.3528645833333333,0.044121641044815384
5,0.4470486111111111,0.027869536851843197,0.3522135416666667,0.04131232636670271
6,0.4822048611111111,0.025508289652255673,0.328125,0.03809260080258051
7,0.5379774305555556,0.02344245918922954,0.3391927083333333,0.03388712058464686
8,0.4605034722222222,0.020448477550720174,0.3352864583333333,0.028288523356119793
9,0.4134114583333333,0.016829710414943595,0.3118489583333333,0.02103065699338913
10,0.3624131944444444,0.012143423767863877,0.25390625,0.014773226498315731
11,0.3771701388888889,0.00909216319107347,0.20182291666666666,0.012694168680657944
12,0.3756510416666667,0.007244835601239983,0.3059895833333333,0.011672661174088717
13,0.4639756944444444,0.006198981104211675,0.2701822916666667,0.01166916855921348
14,0.3943142361111111,0.005138352823754151,0.24934895833333334,0.011092335917055607
15,0.4674479166666667,0.004755623502812038,0.3372395833333333,0.010608456252763668
16,0.4090711805555556,0.004377967956113732,0.2701822916666667,0.010128582129254937
17,0.4555121527777778,0.0038824883393115467,0.3125,0.009931677021086216
18,0.4392361111111111,0.0038223519804887474,0.3138020833333333,0.009445722525318464
19,0.4155815972222222,0.003563176724128425,0.3092447916666667,0.009329278332491716
20,0.3969184027777778,0.0035094775828636354,0.3118489583333333,0.00907565684368213
21,0.4177517361111111,0.0031838495471876943,0.333984375,0.008960684450964132
22,0.3786892361111111,0.003136514194516672,0.3444010416666667,0.008014542826761803
23,0.3296440972222222,0.0028023862267016536,0.3372395833333333,0.009047756747653088
24,0.3634982638888889,0.0031164107559662727,0.349609375,0.008042272025098404
25,0.4220920138888889,0.0024928772893165136,0.2610677083333333,0.0077822150972982245
26,0.4112413194444444,0.0029735102369967434,0.375,0.007349402643740177
27,0.30078125,0.0024083296141018057,0.271484375,0.007550754429151614
28,0.3734809027777778,0.002722727186563942,0.3736979166666667,0.007079283706843853
29,0.3765190972222222,0.0023366677147957184,0.17838541666666666,0.00701150515427192
30,0.3309461805555556,0.0027510292646992537,0.375,0.006884230921665828
31,0.3556857638888889,0.002340144936978403,0.154296875,0.007342210505157709
32,0.330078125,0.0024398549317589235,0.32421875,0.006341437343508005
33,0.33203125,0.0022747975825849506,0.14583333333333334,0.006702827367310722
34,0.3786892361111111,0.002165286872898125,0.18294270833333334,0.006181264606614907
35,0.3786892361111111,0.0020220826198864314,0.3626302083333333,0.005724741766850154
36,0.4251302083333333,0.002298682384813825,0.24739583333333334,0.005270210211165249
37,0.2697482638888889,0.0020002731924048727,0.171875,0.005652383513127764
38,0.2740885416666667,0.002433700344732238,0.3548177083333333,0.004588191281072795
39,0.3665364583333333,0.0016909984923485252,0.3092447916666667,0.006246374531959494
40,0.4407552083333333,0.0032850174595498377,0.22526041666666666,0.004469151375815272
41,0.2300347222222222,0.0015032074685829382,0.21614583333333334,0.0057519808954869705
42,0.3608940972222222,0.0029616663361796075,0.14322916666666666,0.004924396052956581
43,0.2052951388888889,0.001461477982552929,0.06901041666666667,0.007390978280454874
44,0.3122829861111111,0.0031076839982738923,0.3645833333333333,0.004602605282949905
45,0.412109375,0.001518764869413442,0.375,0.007288563918943207
46,0.4353298611111111,0.002975400808888177,0.095703125,0.00465497188270092
47,0.3615451388888889,0.00136050596807359,0.14322916666666666,0.007882496962944666
48,0.2816840277777778,0.0035315749895138047,0.2734375,0.004649587091989815
49,0.2717013888888889,0.0013760738915556835,0.15755208333333334,0.0068167538071672125
50,0.4025607638888889,0.003296729668767916,0.375,0.004651146785666545
51,0.4097222222222222,0.0011939241149876681,0.055338541666666664,0.006184055392319958
52,0.3791232638888889,0.0034156470921718413,0.21158854166666666,0.004644602575960259
53,0.3409288194444444,0.0016268358126075731,0.14322916666666666,0.006939802862082918
54,0.4014756944444444,0.003201569061881552,0.37890625,0.004469648779680331
55,0.2384982638888889,0.0012145042419433594,0.14127604166666666,0.006685112447788318
56,0.2131076388888889,0.0032952125766314566,0.3522135416666667,0.004261659613500039
57,0.380859375,0.002183142325116528,0.3697916666666667,0.006722104037180543
58,0.3804253472222222,0.0027616796627019844,0.14388020833333334,0.004271690617315471
59,0.2762586805555556,0.0015559218591079116,0.14322916666666666,0.007528966758400202
60,0.3118489583333333,0.0040362281336759525,0.36328125,0.004379745107144117
61,0.4144965277777778,0.0014187326887622476,0.158203125,0.0057132726069539785
62,0.41015625,0.003822933584969077,0.3352864583333333,0.004775262127319972
63,0.3233506944444444,0.0016741577160751654,0.2825520833333333,0.006840524108459552
64,0.2404513888888889,0.003060824599944883,0.3684895833333333,0.0038841365991781154
65,0.3671875,0.0019330306030395958,0.375,0.007186108268797398
66,0.29296875,0.0038050113750311234,0.3411458333333333,0.004173631585823993
67,0.3240017361111111,0.0024196727641133797,0.2610677083333333,0.006484107580035925
68,0.2094184027777778,0.0031346483220760194,0.18619791666666666,0.004018208050789933
69,0.2072482638888889,0.0029699778727566204,0.15885416666666666,0.00957235104093949
70,0.2960069444444444,0.004919007782720857,0.24088541666666666,0.004356095877786477
71,0.2797309027777778,0.002493081096973684,0.16666666666666666,0.005921114546557267
72,0.2684461805555556,0.0038223383792986474,0.06705729166666667,0.004820284045611818
73,0.2884114583333333,0.001624030837168296,0.16536458333333334,0.00485069405597945
74,0.3454861111111111,0.004116223698171477,0.228515625,0.003647466888651252
75,0.2866753472222222,0.002997394812862492,0.23046875,0.006627981395771106
76,0.2810329861111111,0.003941985752640499,0.056640625,0.0038296334290256104
77,0.23546006944444445,0.003800192007070614,0.23893229166666666,0.010047443366299072
78,0.3515625,0.009758050294799937,0.14322916666666666,0.005123557057231665
79,0.15690104166666666,0.0023239139182907012,0.14322916666666666,0.006455510777110855
80,0.22005208333333334,0.005696218512538407,0.16536458333333334,0.005573554274936517
81,0.23372395833333334,0.005453232947426538,0.224609375,0.009081495149681965
82,0.2105034722222222,0.0036685188016336826,0.3470052083333333,0.003440010982255141
83,0.4134114583333333,0.003804276309286555,0.055989583333333336,0.01141089852899313
84,0.1796875,0.010106849328925213,0.375,0.006939177556584279
85,0.4574652777777778,0.006662873525379432,0.23046875,0.004260593559592962
86,0.4055989583333333,0.002131286103071438,0.14322916666666666,0.004092798102647066
87,0.17469618055555555,0.00823575849386139,0.375,0.005287871075173219
88,0.3845486111111111,0.004211996196924399,0.20963541666666666,0.004087148311858376
89,0.1994357638888889,0.0040506107163512045,0.20638020833333334,0.007948470922807852
90,0.1773003472222222,0.0358789105537451,0.23372395833333334,0.03787639271467924
91,0.1091579861111111,0.05603314232495096,0.375,0.12817850212256113
92,0.2163628472222222,0.06537847634818819,0.14322916666666666,0.020439505577087402
93,0.4576822916666667,0.018274827239414055,0.177734375,0.005063105995456378
94,0.2684461805555556,0.002897504406670729,0.18619791666666666,0.003976877584743003
95,0.2502170138888889,0.004313618746689624,0.220703125,0.007387407589703798
96,0.23936631944444445,0.03924438477649043,0.23372395833333334,0.04342616659899553
97,0.2094184027777778,0.044152260654502444,0.23567708333333334,0.02367211878299713
98,0.1736111111111111,0.04329671441680855,0.14322916666666666,0.013959715453286966
99,0.2855902777777778,0.030599064297146268,0.3763020833333333,0.014823863903681437
0,0.11284722222222222,0.05756180785182449,0.146484375,0.054324946676691376
1,0.3346354166666667,0.03587110314725174,0.353515625,0.05114017054438591
2,0.5453559027777778,0.03285748061413566,0.361328125,0.04847140610218048
3,0.5483940972222222,0.030766947298414178,0.3470052083333333,0.04584867631395658
4,0.5360243055555556,0.028972934026064143,0.3600260416666667,0.04298978050549825
5,0.5544704861111112,0.026842773633284703,0.369140625,0.039369928960998855
6,0.5553385416666666,0.02426395573032399,0.3671875,0.034549967385828495
7,0.556640625,0.020684231396040156,0.36328125,0.028294163135190804
8,0.505859375,0.016232781862426136,0.3678385416666667,0.021103310709198315
9,0.4635416666666667,0.012107436454647945,0.3587239583333333,0.01582940885176261
10,0.423828125,0.009914456265202412,0.375,0.013866620603948832
11,0.4194878472222222,0.008518673822335485,0.302734375,0.01325318031013012
12,0.4440104166666667,0.007182446230823795,0.302734375,0.012437947560101748
13,0.4155815972222222,0.00634766844773872,0.29296875,0.012000523818035921
14,0.3851996527777778,0.00544979693626778,0.294921875,0.011568947384754816
15,0.3843315972222222,0.005129659878245245,0.2975260416666667,0.010761668362344304
16,0.3967013888888889,0.004722950708431502,0.17317708333333334,0.0112178527439634
17,0.3630642361111111,0.004537521589857836,0.3190104166666667,0.010636060498654842
18,0.3797743055555556,0.004090388583588517,0.2708333333333333,0.009669787250459194
19,0.3361545138888889,0.004072098682324092,0.3151041666666667,0.010006821248680353
20,0.3589409722222222,0.003604979833148213,0.146484375,0.009751734789460897
21,0.2565104166666667,0.0035649509841783177,0.3255208333333333,0.00993652626251181
22,0.3435329861111111,0.003479521420861905,0.19075520833333334,0.009210240639125308
23,0.2556423611111111,0.0030531036641655695,0.3235677083333333,0.00925217599918445
24,0.3962673611111111,0.0032937786632424425,0.1875,0.008473219815641642
25,0.2625868055555556,0.002637320120508472,0.31640625,0.008643992245197296
26,0.4166666666666667,0.0031914403532735175,0.19401041666666666,0.007872529327869415
27,0.248046875,0.0024776861019846466,0.3040364583333333,0.007977606418232122
28,0.3619791666666667,0.0029621312375335642,0.2805989583333333,0.007543277305861314
29,0.2549913194444444,0.0022342129959724844,0.28125,0.007084222665677468
30,0.3177083333333333,0.002727435274411821,0.244140625,0.007798721703390281
31,0.2847222222222222,0.002182279351270861,0.27734375,0.006222090683877468
32,0.291015625,0.0027769284400468073,0.263671875,0.007557658789058526
33,0.3634982638888889,0.0021643524911875525,0.3671875,0.006596806536739071
34,0.3211805555555556,0.002119367191981938,0.22330729166666666,0.007630646384010713
35,0.4036458333333333,0.00255521222586847,0.20833333333333334,0.005457733680183689
36,0.2387152777777778,0.0019328979801179634,0.16015625,0.006304726703092456
37,0.4092881944444444,0.0034602019069198933,0.341796875,0.005282952217385173
38,0.3719618055555556,0.0019846797092921203,0.08072916666666667,0.00568467250559479
39,0.4229600694444444,0.003023046418093145,0.3365885416666667,0.005466667857641975
40,0.3858506944444444,0.0020344755676988927,0.169921875,0.006059659140494962
41,0.357421875,0.0029714902436050275,0.2760416666666667,0.0053087943233549595
42,0.41015625,0.0016086277189768022,0.2506510416666667,0.006619530885169904
43,0.2510850694444444,0.002962897977946947,0.16731770833333334,0.005444113242750366
44,0.2986111111111111,0.0019375066169434125,0.17578125,0.006751082216699918
45,0.3331163194444444,0.0026392193782764175,0.3424479166666667,0.004756390505159895
46,0.3865017361111111,0.0013904446839458412,0.369140625,0.006335707226147254
47,0.3049045138888889,0.0034010275073039034,0.20768229166666666,0.004977903639276822
48,0.37109375,0.0015648342474984627,0.16861979166666666,0.005845141985143225
49,0.18272569444444445,0.0026397626691808305,0.17578125,0.005491666495800018
50,0.224609375,0.0015538547369134095,0.18880208333333334,0.00663108619240423
51,0.3569878472222222,0.0030521554937068787,0.15169270833333334,0.004677481988134484
52,0.2300347222222222,0.0016592771151206559,0.3678385416666667,0.00560689279033492
53,0.4040798611111111,0.00314408937184554,0.205078125,0.0045742441434413195
54,0.3830295138888889,0.0015754232752240365,0.375,0.005434377235360444
55,0.2645399305555556,0.0030637498841517502,0.212890625,0.0049810111134623485
56,0.3756510416666667,0.0016215862900329132,0.3619791666666667,0.006022827699780464
57,0.3422309027777778,0.0027905880835735137,0.19921875,0.004893871412302057
58,0.18424479166666666,0.0014591548307281402,0.142578125,0.006549050410588582
59,0.248046875,0.0030957295223035747,0.130859375,0.004722172083954017
60,0.3721788194444444,0.0013540144686380194,0.15690104166666666,0.005616616806946695
61,0.17296006944444445,0.003381870906903512,0.298828125,0.004373072297312319
62,0.18880208333333334,0.001659353942765544,0.3743489583333333,0.005021541922663649
63,0.24522569444444445,0.0029946533419812718,0.23372395833333334,0.004607140940303604
64,0.3253038194444444,0.0020836322607162097,0.044270833333333336,0.005374141192684571
65,0.2209201388888889,0.0027177643173167277,0.16927083333333334,0.005466454817603032
66,0.2484809027777778,0.0018021079465850359,0.21940104166666666,0.005877518483127157
67,0.25,0.003052556318127447,0.21354166666666666,0.004358314288159211
68,0.45703125,0.0014261289551440212,0.16536458333333334,0.005378245958127081
69,0.1872829861111111,0.0030600274751325035,0.13736979166666666,0.004649566952139139
70,0.3721788194444444,0.0017923604916884666,0.23046875,0.007141766759256522
71,0.3103298611111111,0.002814376177007539,0.034505208333333336,0.0043348590067277355
72,0.3146701388888889,0.0015032587818697924,0.18229166666666666,0.005773460492491722
73,0.16710069444444445,0.003049364578651471,0.130859375,0.004321644509521623
74,0.3697916666666667,0.0014592333852003019,0.23046875,0.0062608901256074505
75,0.3229166666666667,0.0025945644916242194,0.375,0.004512729239650071
76,0.24283854166666666,0.0016723494562837812,0.18033854166666666,0.005979601604243119
77,0.3200954861111111,0.003171843512164843,0.12630208333333334,0.003936367109417915
78,0.3138020833333333,0.0014613887243386772,0.375,0.0056288222161432104
79,0.2680121527777778,0.003066868469532993,0.21028645833333334,0.004895496958245833
80,0.34765625,0.0017596433042652076,0.07747395833333333,0.006041057175025344
81,0.2610677083333333,0.002762603376241815,0.177734375,0.0038559576884532967
82,0.15907118055555555,0.001340727852140036,0.034505208333333336,0.005516075373937686
83,0.3543836805555556,0.003203569413421469,0.14453125,0.004020865851392348
84,0.2855902777777778,0.0020227760542184114,0.3756510416666667,0.004966579532871644
85,0.4181857638888889,0.0025838448071024483,0.17578125,0.004545745012971262
86,0.2660590277777778,0.0013675581042965252,0.14322916666666666,0.004464948084205389
87,0.3528645833333333,0.0030625649410972577,0.21875,0.0039564180963983136
88,0.3665364583333333,0.0026307976545972955,0.15559895833333334,0.00577112923686703
89,0.2261284722222222,0.002570910211135116,0.3639322916666667,0.003810121095739305
90,0.2864583333333333,0.001826201604368786,0.212890625,0.0061150599891940756
91,0.1423611111111111,0.0036887682508677244,0.375,0.004175190658619006
92,0.3196614583333333,0.0018015474132779571,0.23046875,0.006250891446446379
93,0.3381076388888889,0.004195668915700581,0.034505208333333336,0.00441184868880858
94,0.2282986111111111,0.00322924197341005,0.34375,0.004085310463172694
95,0.4084201388888889,0.0028074399645750723,0.35546875,0.005228163208812475
96,0.33984375,0.00275519619592362,0.23763020833333334,0.003998530097305775
97,0.3305121527777778,0.002722201442035536,0.3522135416666667,0.0033568781800568104
98,0.3012152777777778,0.0028279157769348887,0.034505208333333336,0.01060920131082336
99,0.18250868055555555,0.0052468599492890965,0.06315104166666667,0.004524126493682464
0,0.1371527777777778,0.05625290475371811,0.162109375,0.054063718765974045
1,0.3817274305555556,0.03708373913024035,0.3125,0.05113164770106474
2,0.3901909722222222,0.033606274156934686,0.3391927083333333,0.04902644703785578
3,0.4036458333333333,0.031783444651712976,0.326171875,0.04737181837360064
4,0.3645833333333333,0.030029989960086014,0.29296875,0.04601308951775233
5,0.3513454861111111,0.029217764554131363,0.23307291666666666,0.04478074672321478
6,0.3478732638888889,0.02966155975850092,0.2708333333333333,0.04337436084945997
7,0.3387586805555556,0.028198695715723768,0.2845052083333333,0.041427778700987496
8,0.3869357638888889,0.0259963600223677,0.25390625,0.03895909835894903
9,0.3921440972222222,0.024729812517762184,0.24934895833333334,0.034824421629309654
10,0.4372829861111111,0.021069246984552592,0.22981770833333334,0.028413946740329266
11,0.4520399305555556,0.016412168844706483,0.30859375,0.02025510665650169
12,0.46484375,0.011560342145255871,0.3704427083333333,0.01561948067198197
13,0.4220920138888889,0.009927860176604655,0.3723958333333333,0.01392283042271932
14,0.4236111111111111,0.007684862092396038,0.3723958333333333,0.013104425432781378
15,0.4147135416666667,0.0064155527312929434,0.3717447916666667,0.012455562595278025
16,0.4140625,0.005770628735060907,0.3704427083333333,0.011396765010431409
17,0.4099392361111111,0.005311613624346339,0.365234375,0.011421913591523966
0,0.2565104166666667,0.055466084378874965,0.375,0.053550745050112404
1,0.4442274305555556,0.034933336053250566,0.375,0.05064908663431803
2,0.4427083333333333,0.03329323746988343,0.375,0.048308285574118294
3,0.4796006944444444,0.03087552634274794,0.375,0.046541076774398484
4,0.4552951388888889,0.030783306807279587,0.375,0.044562416772047676
5,0.5043402777777778,0.02897332869987521,0.375,0.042472160110870995
6,0.4991319444444444,0.026675443371964827,0.375,0.040402829026182495
7,0.5041232638888888,0.026189646347322397,0.375,0.03763681401809057
0,0.3023003472222222,0.05150669782112042,0.21744791666666666,0.05255015132327875
1,0.4578993055555556,0.035674777890866004,0.2682291666666667,0.050168536603450775
2,0.5075954861111112,0.03365929537297537,0.302734375,0.0484467384715875
3,0.3415798611111111,0.03219284719994499,0.25,0.04692524236937364
4,0.3368055555555556,0.031788838690974645,0.2786458333333333,0.04523342723647753
5,0.2814670138888889,0.030533259579290945,0.23046875,0.044055160135030746
6,0.4283854166666667,0.031817033240157694,0.2805989583333333,0.042233520497878395
7,0.2784288194444444,0.02889656919675569,0.23177083333333334,0.041140987227360405
8,0.3077256944444444,0.02924958066756113,0.14322916666666666,0.040908580645918846
9,0.27734375,0.030441733620439965,0.375,0.03722735991080602
10,0.3697916666666667,0.027699521018399134,0.034505208333333336,0.03620220720767975
11,0.23828125,0.02906339719063706,0.3684895833333333,0.03277117107063532
12,0.3828125,0.023059553098088752,0.11197916666666667,0.027146839226285618
13,0.2074652777777778,0.02074352856208053,0.375,0.024556434402863186
14,0.341796875,0.017970023372779705,0.14322916666666666,0.025628247919181984
15,0.3921440972222222,0.018589481711387634,0.365234375,0.024360925269623596
16,0.27734375,0.017007548543107178,0.30859375,0.01732511507968108
17,0.20182291666666666,0.013450970019524297,0.14322916666666666,0.013352270858983198
18,0.1740451388888889,0.009113047375447221,0.17317708333333334,0.016352562544246513
19,0.3404947916666667,0.011176904611703422,0.23046875,0.013597223597268263
20,0.1349826388888889,0.012870075025906166,0.34375,0.01824617199599743
21,0.3062065972222222,0.011003106134012341,0.201171875,0.03355454963942369
22,0.3012152777777778,0.025839662386311427,0.23046875,0.03609612646202246
23,0.3146701388888889,0.03190841091175874,0.14322916666666666,0.028399902085463207
24,0.2927517361111111,0.028557359758350585,0.375,0.08840308338403702
25,0.3541666666666667,0.05312764830887318,0.034505208333333336,0.04629615632196268
26,0.1213107638888889,0.033442397912343345,0.08203125,0.025252272685368855
27,0.1792534722222222,0.01177923042430646,0.24348958333333334,0.02910099799434344
28,0.22526041666666666,0.04949111470745669,0.034505208333333336,0.0498201958835125
29,0.3068576388888889,0.054236139067345195,0.375,0.03828153945505619
30,0.4924045138888889,0.03638221923675802,0.134765625,0.010555537727971872
31,0.20008680555555555,0.00881779964806305,0.11979166666666667,0.007750323352714379
32,0.2682291666666667,0.014461143873631954,0.375,0.00834821459526817
33,0.4151475694444444,0.012829861138015985,0.12044270833333333,0.049392263094584145
34,0.12391493055555555,0.04231215765078863,0.034505208333333336,0.02277058983842532
35,0.1644965277777778,0.01627274020574987,0.21614583333333334,0.024185610314210255
36,0.2289496527777778,0.02095749606895778,0.375,0.13909466564655304
37,0.2799479166666667,0.0676306573053201,0.375,0.08365086869647105
38,0.4385850694444444,0.07856029872265127,0.14322916666666666,0.05815672439833482
39,0.1150173611111111,0.05370439506239361,0.16666666666666666,0.03710225162406763
40,0.1501736111111111,0.04152445267472002,0.197265625,0.012818636683126291
41,0.21809895833333334,0.012674133241590526,0.3046875,0.00936745029563705
42,0.240234375,0.019165596459060907,0.23046875,0.01564525067806244
43,0.3352864583333333,0.031157239029804867,0.23046875,0.06750404462218285
44,0.06944444444444445,0.08636163775291708,0.034505208333333336,0.06662164038668077
45,0.012586805555555556,0.06067345663905144,0.034505208333333336,0.031655325864752136
46,0.09114583333333333,0.08574387700193459,0.039713541666666664,0.1528045336405436
47,0.3611111111111111,0.06772079173889425,0.14322916666666666,0.06681367754936218
48,0.3177083333333333,0.06936770863831043,0.375,0.0434284812460343
49,0.6032986111111112,0.052833581550253764,0.14322916666666666,0.038433354968825974
50,0.17838541666666666,0.04351767318116294,0.14453125,0.12193337579568227
51,0.24500868055555555,0.05434288208683332,0.375,0.03428976548214754
52,0.4225260416666667,0.03238343302574423,0.3079427083333333,0.01966410844276349
53,0.24522569444444445,0.012423640634450648,0.2649739583333333,0.009303180811305841
54,0.20768229166666666,0.010731770863963498,0.2630208333333333,0.014130866465469202
55,0.20768229166666666,0.03863093919224209,0.034505208333333336,0.07052946214874585
56,0.10004340277777778,0.08983882433838314,0.22135416666666666,0.0680406407142679
57,0.125,0.05837954291039043,0.16145833333333334,0.034995644353330135
58,0.14192708333333334,0.03675793701161941,0.1796875,0.03013611926386754
59,0.2907986111111111,0.05901331744260258,0.24544270833333334,0.04316713040073713
60,0.12022569444444445,0.043017934593889445,0.2884114583333333,0.05268043900529543
61,0.1032986111111111,0.04736572586827808,0.23046875,0.028920663831134636
62,0.1909722222222222,0.06281605694029066,0.15299479166666666,0.04037119075655937
63,0.12803819444444445,0.046513923754294716,0.16796875,0.03660931003590425
64,0.166015625,0.042518826925920114,0.14322916666666666,0.1421539088090261
65,0.1948784722222222,0.08441677751640479,0.1640625,0.045915829638640084
66,0.18880208333333334,0.05845156084332201,0.20703125,0.03429735110451778
67,0.17078993055555555,0.03927092875043551,0.16276041666666666,0.02905773837119341
68,0.10633680555555555,0.034083065369890794,0.076171875,0.21984085937341055
69,0.047309027777777776,0.1333457531614436,0.06966145833333333,0.1465394819776217
70,0.12608506944444445,0.10518815513286325,0.2421875,0.0433117775246501
71,0.2282986111111111,0.04999496787786484,0.21875,0.01735938402513663
72,0.1755642361111111,0.023082221754723124,0.20442708333333334,0.013857871604462465
73,0.2309027777777778,0.012446244040297138,0.14518229166666666,0.010682763376583656
74,0.2593315972222222,0.007910649861312576,0.0859375,0.007056053417424361
75,0.23133680555555555,0.005402379404080825,0.24739583333333334,0.004305089047799508
76,0.4368489583333333,0.0031644132557428544,0.185546875,0.004301701517154773
77,0.3209635416666667,0.006182350063075622,0.20833333333333334,0.004231832455843687
78,0.3070746527777778,0.029476636399825413,0.044270833333333336,0.04685065429657698
79,0.018880208333333332,0.12848015440007052,0.034505208333333336,0.15724564592043558
80,0.01171875,0.14151536466346848,0.048177083333333336,0.2556161731481552
81,0.022135416666666668,0.14900923980813888,0.23111979166666666,0.04413180953512589
82,0.1955295138888889,0.052611385161677994,0.22265625,0.03856104022512833
83,0.1759982638888889,0.039950950174695916,0.23046875,0.01343694639702638
84,0.2545572916666667,0.008597382706486516,0.15299479166666666,0.007595987059175968
85,0.3096788194444444,0.005255982577283349,0.09895833333333333,0.004226125388716658
86,0.23524305555555555,0.001504936834357472,0.119140625,0.0033599580638110638
87,0.2595486111111111,0.0036474631374908816,0.2649739583333333,0.003698865339780847
88,0.3424479166666667,0.004691936515478624,0.1484375,0.003626879227037231
89,0.322265625,0.0015365931742255473,0.3483072916666667,0.0033330830046907067
90,0.3174913194444444,0.0038149914083381495,0.2649739583333333,0.0031400955825423202
91,0.3506944444444444,0.0027109840884804726,0.33203125,0.0029076987023775778
92,0.3174913194444444,0.004091425760028263,0.21484375,0.0029906173779939613
93,0.24348958333333334,0.002708620779837171,0.3567708333333333,0.002895801949004332
94,0.3591579861111111,0.0033760833838540646,0.16731770833333334,0.0033156744902953506
95,0.3226996527777778,0.0031198604911979702,0.15299479166666666,0.0030499498437469206
96,0.41796875,0.0023336094648887715,0.20572916666666666,0.0026857274351641536
97,0.3943142361111111,0.003710827867810925,0.16731770833333334,0.00346338659680138
98,0.4088541666666667,0.001980096231111222,0.16927083333333334,0.003414049744606018
99,0.3014322916666667,0.0034571953324808013,0.361328125,0.011921093799173832
0,0.2873263888888889,0.05074852223818501,0.216796875,0.050193022936582565
1,0.4444444444444444,0.03547111257082886,0.3248697916666667,0.04580874368548393
2,0.4713541666666667,0.03103784210462537,0.3014322916666667,0.04139433925350507
3,0.4361979166666667,0.027211533290230565,0.3020833333333333,0.03597356627384821
4,0.4210069444444444,0.023048754341693387,0.3092447916666667,0.02929743907103936
5,0.458984375,0.017661043119409844,0.33203125,0.021073902646700542
6,0.4522569444444444,0.012930018976072056,0.3756510416666667,0.015418218138317267
7,0.4045138888888889,0.010093329978796342,0.375,0.013337646145373583
8,0.5130208333333334,0.007813434051867161,0.3639322916666667,0.01255965605378151
9,0.4576822916666667,0.006235373180566562,0.3372395833333333,0.011962248788525661
10,0.4522569444444444,0.005610153182513184,0.34375,0.011465900499994556
11,0.4542100694444444,0.00492742248914308,0.23372395833333334,0.010607865095759431
12,0.4720052083333333,0.0045860095221238835,0.3483072916666667,0.01033052895218134
13,0.4353298611111111,0.003935709834978398,0.22981770833333334,0.01011983056863149
14,0.4921875,0.00409197778854933,0.357421875,0.009682727744802833
15,0.412109375,0.00377263192139152,0.23177083333333334,0.009941154004385075
16,0.490234375,0.0035067051713768807,0.3502604166666667,0.008095791718612114
17,0.3967013888888889,0.0029918462387286127,0.23372395833333334,0.009411563631147146
18,0.5047743055555556,0.003642107696375913,0.3541666666666667,0.007285096527387698
19,0.4110243055555556,0.0026945382641214463,0.234375,0.008277252471695343
20,0.5030381944444444,0.0034036277275946406,0.3483072916666667,0.006351599586196244
21,0.3962673611111111,0.0021489433323343596,0.23958333333333334,0.0066893141095836954
22,0.5021701388888888,0.0034050263800761765,0.3307291666666667,0.006433722252647082
23,0.408203125,0.002212184817633695,0.23502604166666666,0.0066922255015621586
24,0.4700520833333333,0.0028855782778312764,0.3522135416666667,0.005573534484331806
25,0.4034288194444444,0.0018152421495566766,0.23828125,0.0056538529849300785
26,0.53125,0.0029734104820009735,0.255859375,0.005763034336268902
27,0.4572482638888889,0.002041754907824927,0.302734375,0.006379973453780015
28,0.4574652777777778,0.002701878434486894,0.3580729166666667,0.004582665821847816
29,0.4049479166666667,0.0015693454252969888,0.3723958333333333,0.005079046046982209
30,0.5169270833333334,0.0030518750621316335,0.2662760416666667,0.004655624468189974
31,0.4157986111111111,0.001209191428238733,0.3756510416666667,0.005200792065200706
32,0.4620225694444444,0.0030868236661060816,0.24479166666666666,0.004690141067840159
33,0.4118923611111111,0.0012550500654874162,0.24479166666666666,0.005101263057440519
34,0.4947916666666667,0.002847239898983389,0.2643229166666667,0.004353412543423474
35,0.4125434027777778,0.0013762731557815438,0.236328125,0.004631926227981846
36,0.4652777777777778,0.0025175724909382146,0.23697916666666666,0.003953042129675548
37,0.3997395833333333,0.0009105565938322494,0.375,0.003807484133479496
38,0.4694010416666667,0.003035339882545587,0.22916666666666666,0.0044721715385094285
39,0.4019097222222222,0.0011337250665140648,0.24674479166666666,0.0047013345174491405
40,0.4937065972222222,0.0025978396750158733,0.2845052083333333,0.003883754756922523
41,0.4125434027777778,0.0008536483478059785,0.375,0.004191324231214821
42,0.4715711805555556,0.0034633520408533514,0.2623697916666667,0.004414548243706425
43,0.4683159722222222,0.0015178138597144021,0.22591145833333334,0.004974228562787175
44,0.4240451388888889,0.002523413109075692,0.2819010416666667,0.004485027088473241
45,0.4192708333333333,0.001082626960447265,0.14518229166666666,0.004623147173939894
46,0.4507378472222222,0.0028894785015533366,0.3697916666666667,0.004287685616873205
47,0.4240451388888889,0.000995108938594866,0.154296875,0.004708052263595164
48,0.3539496527777778,0.003065810972152071,0.3567708333333333,0.003938956807057063
49,0.4155815972222222,0.0012936610275776023,0.3743489583333333,0.004637960383358101
50,0.4837239583333333,0.0024344462468030136,0.349609375,0.004204985685646534
51,0.4025607638888889,0.0010278898019654055,0.375,0.004487194120883942
52,0.4874131944444444,0.002791811647411022,0.24348958333333334,0.004045099078211933
53,0.4390190972222222,0.0011126328253238979,0.373046875,0.00450066733174026
54,0.4494357638888889,0.0026570960051483577,0.23958333333333334,0.004211002999606232
55,0.4201388888888889,0.0010734404301426064,0.20182291666666666,0.004539139025534193
56,0.4709201388888889,0.002587813651189208,0.3723958333333333,0.0038793734662855663
57,0.4427083333333333,0.0012124143702547168,0.3678385416666667,0.004477591176206867
58,0.4680989583333333,0.0025860013847704977,0.29296875,0.003981641959398985
59,0.3851996527777778,0.001276893990709343,0.07421875,0.004693743462363879
60,0.2892795138888889,0.0024819436172644296,0.244140625,0.004191451395551364
61,0.3220486111111111,0.0010322359416426884,0.14388020833333334,0.004647747768710057
62,0.4008246527777778,0.0027064961355386507,0.37109375,0.004078143043443561
63,0.4001736111111111,0.0009782875325375546,0.20247395833333334,0.004284711341218402
64,0.4175347222222222,0.0026782883861516085,0.3125,0.004133102561657627
65,0.3999565972222222,0.001073519033121152,0.166015625,0.004475236909153561
66,0.4474826388888889,0.002599382524042287,0.369140625,0.0038018691896771393
67,0.421875,0.0013057353660567766,0.3723958333333333,0.004390652970566104
68,0.4828559027777778,0.0022910701195036787,0.291015625,0.0039046092812592783
69,0.4275173611111111,0.001031645974661741,0.21549479166666666,0.004482163038725655
70,0.4259982638888889,0.0025883689587418404,0.3125,0.003764769023594757
71,0.4140625,0.0011978476347091298,0.119140625,0.004151564692923178
72,0.2775607638888889,0.0022846677327632075,0.2708333333333333,0.0038159204802165427
73,0.4273003472222222,0.001050557666328839,0.22395833333333334,0.004147343143510322
74,0.4305555555555556,0.0022854743680606284,0.3671875,0.004101858474314213
75,0.2762586805555556,0.0009919580641306108,0.06315104166666667,0.004326357913669199
76,0.3077256944444444,0.0023657905403524637,0.328125,0.003709927201271057
77,0.4398871527777778,0.001254383225588956,0.375,0.004474520916119218
78,0.4819878472222222,0.0022961602112950962,0.359375,0.0036554366427784166
79,0.4118923611111111,0.0011658135756281102,0.375,0.004120099300052971
80,0.4867621527777778,0.0021478021355708027,0.220703125,0.003959380361872415
81,0.2784288194444444,0.0009376580807535598,0.146484375,0.004171957611106336
82,0.4264322916666667,0.0023125934498643298,0.369140625,0.003541382495313883
83,0.423828125,0.001212937388724337,0.36328125,0.004162168052668373
84,0.4683159722222222,0.0020512319040588206,0.24348958333333334,0.003812040318734944
85,0.4019097222222222,0.0010953131649229261,0.21223958333333334,0.004570942372083664
86,0.4225260416666667,0.002399718689654643,0.2623697916666667,0.003505045703301827
87,0.4286024305555556,0.0011195796396350488,0.1875,0.003892463748343289
88,0.4123263888888889,0.0020483299158513546,0.17122395833333334,0.0045993108457575245
89,0.4639756944444444,0.0012200134547634257,0.14973958333333334,0.0050320071168243885
90,0.3415798611111111,0.0022374415744303,0.3717447916666667,0.0032671543691928187
91,0.4409722222222222,0.0011258713719952437,0.3541666666666667,0.0037668978717798987
92,0.4548611111111111,0.0020640825257740086,0.17903645833333334,0.003806661678633342
93,0.3856336805555556,0.0011854181648232043,0.14713541666666666,0.004723717924207449
94,0.3901909722222222,0.002418666862973219,0.3756510416666667,0.003373584807074318
95,0.3819444444444444,0.001113564752611435,0.3541666666666667,0.00397160614375025
96,0.44921875,0.002010562253417447,0.22591145833333334,0.003958125210677584
97,0.2306857638888889,0.0008877813428019484,0.07486979166666667,0.004160285442291449
98,0.228515625,0.0024292523270964417,0.2708333333333333,0.0034376498078927398
99,0.4292534722222222,0.0013798495832209785,0.375,0.004365495444896321
0,0.3467881944444444,0.043642074464716844,0.375,0.05286235176026821
1,0.1909722222222222,0.055976682239108615,0.375,0.06422572334607442
2,0.3033854166666667,0.10477196466591623,0.034505208333333336,0.07531978438297908
3,0.6065538194444444,0.18711505664719474,0.375,0.1931130588054657
4,0.6647135416666666,0.17407268451319802,0.375,0.19125898679097494
5,0.6647135416666666,0.17044901682270897,0.375,0.1932793209950129
6,0.6647135416666666,0.1745917366610633,0.375,0.1932791769504547
7,0.6647135416666666,0.17459147837426928,0.375,0.19327892363071442
8,0.6647135416666666,0.17459100650416481,0.375,0.19327841202418009
9,0.6647135416666666,0.17459001309341854,0.375,0.19327722489833832
10,0.6647135416666666,0.1745871967739529,0.375,0.19327267011006674
11,0.6647135416666666,0.18460665146509805,0.375,0.2900639871756236
12,0.6647135416666666,0.16583134565088484,0.375,0.19320447742938995
13,0.6647135416666666,0.1743500894970364,0.375,0.19328171014785767
14,0.6647135416666666,0.17459500332673392,0.375,0.19328169027964273
15,0.6647135416666666,0.17459497849146524,0.375,0.19328166047732034
16,0.6647135416666666,0.1745949321322971,0.375,0.19328160087267557
17,0.6647135416666666,0.1745948311355379,0.375,0.1932814915974935
18,0.6647135416666666,0.1745945562918981,0.375,0.19328105449676514
19,0.6647135416666666,0.18472755451997122,0.375,0.2956298291683197
20,0.6647135416666666,0.17991510033607483,0.375,0.1932815064986547
21,0.6647135416666666,0.17459461092948914,0.375,0.19328098992506662
22,0.3563368055555556,0.12415593696965112,0.034505208333333336,0.09127811094125111
23,0.03884548611111111,0.09402090062697728,0.18033854166666666,0.09127819413940112
24,0.1527777777777778,0.09655407381554444,0.177734375,0.09127819444984198
25,0.15321180555555555,0.09655407298770216,0.17578125,0.09127819413940112
26,0.1506076388888889,0.09655407381554444,0.15950520833333334,0.09127819413940112
27,0.15885416666666666,0.09655407340162331,0.15950520833333334,0.09127819444984198
28,0.1486545138888889,0.09655407278074159,0.16731770833333334,0.09127819413940112
29,0.14735243055555555,0.09655407215985987,0.171875,0.09127819910645485
30,0.14171006944444445,0.09655407174593872,0.18098958333333334,0.09127819165587425
31,0.1343315972222222,0.09655407278074159,0.154296875,0.09127819413940112
32,0.12955729166666666,0.09655406595104271,0.15625,0.09127818917234738
33,0.12022569444444445,0.09655405208468437,0.14322916666666666,0.09127811497698228
34,0.1150173611111111,0.15783972458706963,0.14322916666666666,0.19368294874827066
35,0.1150173611111111,0.17596148782306248,0.14322916666666666,0.19368294874827066
36,0.1150173611111111,0.17596148782306248,0.14322916666666666,0.19368294874827066
37,0.1150173611111111,0.17596148782306248,0.14322916666666666,0.19368294874827066
38,0.1150173611111111,0.17596148782306248,0.14322916666666666,0.19368294874827066
39,0.1150173611111111,0.17596148782306248,0.14322916666666666,0.19368294874827066
40,0.1150173611111111,0.17596148782306248,0.14322916666666666,0.19368294874827066
41,0.1150173611111111,0.17596148782306248,0.14322916666666666,0.19368294874827066
42,0.1150173611111111,0.17596148782306248,0.14322916666666666,0.19368294874827066
43,0.1150173611111111,0.17596148782306248,0.14322916666666666,0.19368294874827066
44,0.1150173611111111,0.17596148782306248,0.14322916666666666,0.19368294874827066
45,0.1150173611111111,0.17596148782306248,0.14322916666666666,0.19368294874827066
46,0.1150173611111111,0.17596148782306248,0.14322916666666666,0.19368294874827066
47,0.1150173611111111,0.17596148782306248,0.14322916666666666,0.19368294874827066
48,0.1150173611111111,0.17596148782306248,0.14322916666666666,0.19368294874827066
49,0.1150173611111111,0.17596148782306248,0.14322916666666666,0.19368294874827066
50,0.1150173611111111,0.17596148782306248,0.14322916666666666,0.19368294874827066
51,0.1150173611111111,0.17596148782306248,0.14322916666666666,0.19368294874827066
52,0.1150173611111111,0.17596148782306248,0.14322916666666666,0.19368294874827066
53,0.1150173611111111,0.17596148782306248,0.14322916666666666,0.19368294874827066
54,0.1150173611111111,0.17596148782306248,0.14322916666666666,0.19368294874827066
55,0.1150173611111111,0.17596148782306248,0.14322916666666666,0.19368294874827066
56,0.1150173611111111,0.17596148782306248,0.14322916666666666,0.19368294874827066
57,0.1150173611111111,0.17596148782306248,0.14322916666666666,0.19368294874827066
58,0.1150173611111111,0.17596148782306248,0.14322916666666666,0.19368294874827066
59,0.1150173611111111,0.17596148782306248,0.14322916666666666,0.19368294874827066
60,0.1150173611111111,0.17596148782306248,0.14322916666666666,0.19368294874827066
61,0.1150173611111111,0.17596148782306248,0.14322916666666666,0.19368294874827066
62,0.1150173611111111,0.17596148782306248,0.14322916666666666,0.19368294874827066
63,0.1150173611111111,0.17596148782306248,0.14322916666666666,0.19368294874827066
64,0.1150173611111111,0.17596148782306248,0.14322916666666666,0.19368294874827066
65,0.1150173611111111,0.17596148782306248,0.14322916666666666,0.19368294874827066
66,0.1150173611111111,0.17596148782306248,0.14322916666666666,0.19368294874827066
67,0.1150173611111111,0.17596148782306248,0.14322916666666666,0.19368294874827066
68,0.1150173611111111,0.17596148782306248,0.14322916666666666,0.19368294874827066
69,0.1150173611111111,0.17596148782306248,0.14322916666666666,0.19368294874827066
70,0.1150173611111111,0.17596148782306248,0.14322916666666666,0.19368294874827066
71,0.1150173611111111,0.17596148782306248,0.14322916666666666,0.19368294874827066
72,0.1150173611111111,0.17596148782306248,0.14322916666666666,0.19368294874827066
73,0.1150173611111111,0.17596148782306248,0.14322916666666666,0.19368294874827066
74,0.1150173611111111,0.17596148782306248,0.14322916666666666,0.19368294874827066
75,0.1150173611111111,0.17596148782306248,0.14322916666666666,0.19368294874827066
76,0.1150173611111111,0.17596148782306248,0.14322916666666666,0.19368294874827066
77,0.1150173611111111,0.17596148782306248,0.14322916666666666,0.19368294874827066
78,0.1150173611111111,0.17596148782306248,0.14322916666666666,0.19368294874827066
79,0.1150173611111111,0.17596148782306248,0.14322916666666666,0.19368294874827066
80,0.1150173611111111,0.17596148782306248,0.14322916666666666,0.19368294874827066
81,0.1150173611111111,0.17596148782306248,0.14322916666666666,0.19368294874827066
82,0.1150173611111111,0.17596148782306248,0.14322916666666666,0.19368294874827066
83,0.1150173611111111,0.17596148782306248,0.14322916666666666,0.19368294874827066
84,0.1150173611111111,0.17596148782306248,0.14322916666666666,0.19368294874827066
85,0.1150173611111111,0.17596148782306248,0.14322916666666666,0.19368294874827066
86,0.1150173611111111,0.17596148782306248,0.14322916666666666,0.19368294874827066
87,0.1150173611111111,0.17596148782306248,0.14322916666666666,0.19368294874827066
88,0.1150173611111111,0.17596148782306248,0.14322916666666666,0.19368294874827066
89,0.1150173611111111,0.17596148782306248,0.14322916666666666,0.19368294874827066
90,0.1150173611111111,0.17596148782306248,0.14322916666666666,0.19368294874827066
91,0.1150173611111111,0.17596148782306248,0.14322916666666666,0.19368294874827066
92,0.1150173611111111,0.17596148782306248,0.14322916666666666,0.19368294874827066
93,0.1150173611111111,0.17596148782306248,0.14322916666666666,0.19368294874827066
94,0.1150173611111111,0.17596148782306248,0.14322916666666666,0.19368294874827066
95,0.1150173611111111,0.17596148782306248,0.14322916666666666,0.19368294874827066
96,0.1150173611111111,0.17596148782306248,0.14322916666666666,0.19368294874827066
97,0.1150173611111111,0.17596148782306248,0.14322916666666666,0.19368294874827066
98,0.1150173611111111,0.17596148782306248,0.14322916666666666,0.19368294874827066
99,0.1150173611111111,0.17596148782306248,0.14322916666666666,0.19368294874827066
0,0.4359809027777778,0.04580590366903278,0.375,0.048326363787055016
1,0.2862413194444444,0.0358305879506386,0.3756510416666667,0.04577400411168734
2,0.17252604166666666,0.034978850757599704,0.14322916666666666,0.047086343790094055
3,0.2456597222222222,0.03819026735921701,0.23046875,0.061615499357382454
4,0.2243923611111111,0.05631016567349434,0.23046875,0.06148925796151161
5,0.4884982638888889,0.1128178048464987,0.375,0.08882466175903876
6,0.328125,0.099402766674757,0.14322916666666666,0.16086438794930777
7,0.4585503472222222,0.09437927293280761,0.375,0.12229859580596288
8,0.5034722222222222,0.08465319954686695,0.375,0.09127724108596642
9,0.6647135416666666,0.09655277720756,0.375,0.09127721469849348
10,0.6647135416666666,0.09655273457368214,0.375,0.0912771774455905
11,0.6647135416666666,0.09655266337924534,0.375,0.09127709828317165
12,0.6647135416666666,0.09655252906183402,0.375,0.09127694989244144
13,0.6647135416666666,0.09655223911007245,0.375,0.09127661089102428
0,0.1343315972222222,0.04207671317271888,0.23046875,0.054139951864878334
1,0.3368055555555556,0.05571257661924594,0.23046875,0.060911172380050026
2,0.3020833333333333,0.134172514701883,0.23046875,0.08974698496361573
3,0.1154513888888889,0.09676492628124025,0.375,0.12622191508611044
4,0.4296875,0.09175947929422061,0.23046875,0.09126109567781289
5,0.2046440972222222,0.09650249365303251,0.23046875,0.09113301771382491
6,0.259765625,0.10936800887187322,0.375,0.091277824404339
7,0.6647135416666666,0.09655354006422891,0.375,0.09127777659644683
8,0.6647135416666666,0.09655344941549832,0.375,0.09127768129110336
9,0.6647135416666666,0.09655328860713376,0.375,0.09127752482891083
10,0.6647135416666666,0.09655299472312133,0.375,0.09127718893190225
11,0.6647135416666666,0.09655224490496847,0.375,0.0912760617211461
12,0.6647135416666666,0.09654360285235776,0.375,0.09114367545892794
13,0.1332465277777778,0.10944714086751144,0.034505208333333336,0.09127780515700579
14,0.01171875,0.09655315325491959,0.034505208333333336,0.09127650037407875
15,0.01171875,0.11793501716521052,0.034505208333333336,0.09040932605663936
16,0.01171875,0.18649220963319144,0.034505208333333336,0.19541537761688232
17,0.01171875,0.17839719355106354,0.034505208333333336,0.19541537761688232
18,0.01171875,0.17839719355106354,0.034505208333333336,0.19541537761688232
19,0.01171875,0.17839719355106354,0.034505208333333336,0.19541537761688232
20,0.01171875,0.17839719355106354,0.034505208333333336,0.19541537761688232
21,0.01171875,0.17839719355106354,0.034505208333333336,0.19541537761688232
22,0.01171875,0.17839719355106354,0.034505208333333336,0.19541537761688232
23,0.01171875,0.17839719355106354,0.034505208333333336,0.19541537761688232
24,0.01171875,0.17839719355106354,0.034505208333333336,0.19541537761688232
0,0.173828125,0.04486031672503385,0.037760416666666664,0.05126428231596947
1,0.2725694444444444,0.03816559279544486,0.14322916666666666,0.050075518588225044
2,0.3255208333333333,0.04255872261193064,0.375,0.055574471751848854
3,0.3237847222222222,0.06143708863399095,0.23046875,0.05716728791594505
4,0.18424479166666666,0.10792267612285084,0.375,0.0854034498333931
5,0.6647135416666666,0.17393201424015892,0.375,0.19306388000647226
6,0.6647135416666666,0.17063825660281712,0.23046875,0.13748285174369812
7,0.1312934027777778,0.09435881177584331,0.034505208333333336,0.09102726106842358
8,0.08506944444444445,0.09981863138576348,0.23046875,0.09126896224915981
9,0.2046440972222222,0.09654077763358752,0.23046875,0.0912673765172561
10,0.2046440972222222,0.09653749585979515,0.23046875,0.09126309057076772
11,0.2046440972222222,0.09652418622540103,0.23046875,0.09123002799848716
12,0.4396701388888889,0.10567501559853554,0.375,0.09127308428287506
13,0.6647135416666666,0.09654499549004766,0.375,0.09126780865093072
14,0.6647135416666666,0.09612272679805756,0.375,0.2870386789242427
15,0.6647135416666666,0.1657145188914405,0.375,0.19328129788239798
16,0.6647135416666666,0.1745947086148792,0.375,0.1932812581459681
17,0.6647135416666666,0.17459465066591898,0.375,0.19328117867310843
18,0.6647135416666666,0.17459453642368317,0.375,0.19328097502390543
19,0.6647135416666666,0.17459422018792894,0.375,0.19328022499879202
20,0.6647135416666666,0.17458680437670815,0.375,0.18524974087874094
21,0.18055555555555555,0.08758576959371567,0.17838541666666666,0.09127819413940112
22,0.14149305555555555,0.09655406512320042,0.16080729166666666,0.09127819413940112
23,0.14561631944444445,0.09655406574408214,0.16341145833333334,0.09127819165587425
24,0.1410590277777778,0.09655406843456957,0.166015625,0.09127819413940112
25,0.13736979166666666,0.09655406843456957,0.15950520833333334,0.09127819413940112
26,0.13563368055555555,0.09655406574408214,0.15104166666666666,0.09127819165587425
27,0.1328125,0.09655407071113586,0.15559895833333334,0.09127818917234738
28,0.12565104166666666,0.09655406160487069,0.14322916666666666,0.09127818917234738
29,0.11957465277777778,0.09655405850046211,0.14518229166666666,0.0912781838948528
30,0.11566840277777778,0.09655402890510029,0.14322916666666666,0.09127791225910187
31,0.1150173611111111,0.17059337140785324,0.14322916666666666,0.19368294874827066
32,0.1150173611111111,0.17596148782306248,0.14322916666666666,0.19368294874827066
33,0.1150173611111111,0.17596148782306248,0.14322916666666666,0.19368294874827066
34,0.1150173611111111,0.17596148782306248,0.14322916666666666,0.19368294874827066
35,0.1150173611111111,0.17596148782306248,0.14322916666666666,0.19368294874827066
36,0.1150173611111111,0.17596148782306248,0.14322916666666666,0.19368294874827066
37,0.1150173611111111,0.17596148782306248,0.14322916666666666,0.19368294874827066
38,0.1150173611111111,0.17596148782306248,0.14322916666666666,0.19368294874827066
39,0.1150173611111111,0.17596148782306248,0.14322916666666666,0.19368294874827066
40,0.1150173611111111,0.17596148782306248,0.14322916666666666,0.19368294874827066
41,0.1150173611111111,0.17596148782306248,0.14322916666666666,0.19368294874827066
42,0.1150173611111111,0.17596148782306248,0.14322916666666666,0.19368294874827066
43,0.1150173611111111,0.17596148782306248,0.14322916666666666,0.19368294874827066
44,0.1150173611111111,0.17596148782306248,0.14322916666666666,0.19368294874827066
45,0.1150173611111111,0.17596148782306248,0.14322916666666666,0.19368294874827066
46,0.1150173611111111,0.17596148782306248,0.14322916666666666,0.19368294874827066
47,0.1150173611111111,0.17596148782306248,0.14322916666666666,0.19368294874827066
48,0.1150173611111111,0.17596148782306248,0.14322916666666666,0.19368294874827066
49,0.1150173611111111,0.17596148782306248,0.14322916666666666,0.19368294874827066
50,0.1150173611111111,0.17596148782306248,0.14322916666666666,0.19368294874827066
51,0.1150173611111111,0.17596148782306248,0.14322916666666666,0.19368294874827066
52,0.1150173611111111,0.17596148782306248,0.14322916666666666,0.19368294874827066
53,0.1150173611111111,0.17596148782306248,0.14322916666666666,0.19368294874827066
54,0.1150173611111111,0.17596148782306248,0.14322916666666666,0.19368294874827066
55,0.1150173611111111,0.17596148782306248,0.14322916666666666,0.19368294874827066
56,0.1150173611111111,0.17596148782306248,0.14322916666666666,0.19368294874827066
57,0.1150173611111111,0.17596148782306248,0.14322916666666666,0.19368294874827066
58,0.1150173611111111,0.17596148782306248,0.14322916666666666,0.19368294874827066
59,0.1150173611111111,0.17596148782306248,0.14322916666666666,0.19368294874827066
60,0.1150173611111111,0.17596148782306248,0.14322916666666666,0.19368294874827066
61,0.1150173611111111,0.17596148782306248,0.14322916666666666,0.19368294874827066
62,0.1150173611111111,0.17596148782306248,0.14322916666666666,0.19368294874827066
63,0.1150173611111111,0.17596148782306248,0.14322916666666666,0.19368294874827066
64,0.1150173611111111,0.17596148782306248,0.14322916666666666,0.19368294874827066
65,0.1150173611111111,0.17596148782306248,0.14322916666666666,0.19368294874827066
66,0.1150173611111111,0.17596148782306248,0.14322916666666666,0.19368294874827066
67,0.1150173611111111,0.17596148782306248,0.14322916666666666,0.19368294874827066
68,0.1150173611111111,0.17596148782306248,0.14322916666666666,0.19368294874827066
69,0.1150173611111111,0.17596148782306248,0.14322916666666666,0.19368294874827066
70,0.1150173611111111,0.17596148782306248,0.14322916666666666,0.19368294874827066
71,0.1150173611111111,0.17596148782306248,0.14322916666666666,0.19368294874827066
72,0.1150173611111111,0.17596148782306248,0.14322916666666666,0.19368294874827066
73,0.1150173611111111,0.17596148782306248,0.14322916666666666,0.19368294874827066
74,0.1150173611111111,0.17596148782306248,0.14322916666666666,0.19368294874827066
75,0.1150173611111111,0.17596148782306248,0.14322916666666666,0.19368294874827066
76,0.1150173611111111,0.17596148782306248,0.14322916666666666,0.19368294874827066
77,0.1150173611111111,0.17596148782306248,0.14322916666666666,0.19368294874827066
78,0.1150173611111111,0.17596148782306248,0.14322916666666666,0.19368294874827066
79,0.1150173611111111,0.17596148782306248,0.14322916666666666,0.19368294874827066
80,0.1150173611111111,0.17596148782306248,0.14322916666666666,0.19368294874827066
81,0.1150173611111111,0.17596148782306248,0.14322916666666666,0.19368294874827066
82,0.1150173611111111,0.17596148782306248,0.14322916666666666,0.19368294874827066
83,0.1150173611111111,0.17596148782306248,0.14322916666666666,0.19368294874827066
84,0.1150173611111111,0.17596148782306248,0.14322916666666666,0.19368294874827066
85,0.1150173611111111,0.17596148782306248,0.14322916666666666,0.19368294874827066
86,0.1150173611111111,0.17596148782306248,0.14322916666666666,0.19368294874827066
87,0.1150173611111111,0.17596148782306248,0.14322916666666666,0.19368294874827066
88,0.1150173611111111,0.17596148782306248,0.14322916666666666,0.19368294874827066
89,0.1150173611111111,0.17596148782306248,0.14322916666666666,0.19368294874827066
90,0.1150173611111111,0.17596148782306248,0.14322916666666666,0.19368294874827066
91,0.1150173611111111,0.17596148782306248,0.14322916666666666,0.19368294874827066
92,0.1150173611111111,0.17596148782306248,0.14322916666666666,0.19368294874827066
93,0.1150173611111111,0.17596148782306248,0.14322916666666666,0.19368294874827066
94,0.1150173611111111,0.17596148782306248,0.14322916666666666,0.19368294874827066
95,0.1150173611111111,0.17596148782306248,0.14322916666666666,0.19368294874827066
96,0.1150173611111111,0.17596148782306248,0.14322916666666666,0.19368294874827066
97,0.1150173611111111,0.17596148782306248,0.14322916666666666,0.19368294874827066
98,0.1150173611111111,0.17596148782306248,0.14322916666666666,0.19368294874827066
99,0.1150173611111111,0.17596148782306248,0.14322916666666666,0.19368294874827066
0,0.2146267361111111,0.04617694242753916,0.375,0.051829674591620765
1,0.4266493055555556,0.041186015509689845,0.375,0.05051181651651859
2,0.283203125,0.045848301560100585,0.034505208333333336,0.05302756900588671
3,0.2152777777777778,0.06026560776970453,0.375,0.06357828776041667
4,0.2623697916666667,0.08020356690718068,0.23046875,0.06356019526720047
5,0.19053819444444445,0.1390455967436234,0.23046875,0.07488519822557767
6,0.1232638888888889,0.10786989890038967,0.034505208333333336,0.07884347066283226
7,0.01171875,0.18278182711866167,0.034505208333333336,0.2332270344098409
8,0.01171875,0.16647850473721823,0.034505208333333336,0.1953759491443634
9,0.01171875,0.17834045820766026,0.034505208333333336,0.19535313049952188
10,0.01171875,0.17796684470441607,0.034505208333333336,0.27074337005615234
11,0.01171875,0.16865764061609903,0.034505208333333336,0.19533846278985342
12,0.01171875,0.17728086643748814,0.034505208333333336,0.1954030692577362
13,0.01171875,0.17837446100182003,0.034505208333333336,0.19538327058156332
14,0.23350694444444445,0.20148097309801313,0.375,0.29734180370966595
15,0.6647135416666666,0.20267982284228006,0.375,0.1932817449172338
16,0.6647135416666666,0.17459509935643938,0.375,0.19328170518080393
17,0.6647135416666666,0.17459501988357967,0.375,0.1932813972234726
18,0.6647135416666666,0.17256083091100058,0.23046875,0.0912781994168957
19,0.2046440972222222,0.09655407691995303,0.23046875,0.0912781994168957
